<?xml version="1.0" encoding="UTF-8"?>
<!-- Generated by org.testng.reporters.JUnitXMLReporter -->
<testsuite ignored="0" hostname="DESKTOP-H6754FC" failures="0" tests="3" name="Default test" time="39.665" errors="0" timestamp="2025-05-12T21:07:09 IST">
  <testcase classname="Test.LoginTest" name="test_IsusernameDisplayed" time="3.321"/>
  <testcase classname="Test.LoginTest" name="test_LoginToApplication" time="3.502"/>
  <testcase classname="Test.LoginTest" name="test_InvalidLogin" time="3.906"/>
</testsuite> <!-- Default test -->
